2025-02-24T16:45:18.535Z  INFO 23428 --- [ms-cours-matiere] [restartedMain] c.groupeisi.MsCoursMatiereApplication    : Starting MsCoursMatiereApplication using Java 17.0.13 with PID 23428 (C:\SECK\Master_2\JEE\ms-cours-matiere\target\classes started by hp in C:\SECK\Master_2\JEE\ms-cours-matiere)
2025-02-24T16:45:18.552Z  INFO 23428 --- [ms-cours-matiere] [restartedMain] c.groupeisi.MsCoursMatiereApplication    : No active profile set, falling back to 1 default profile: "default"
2025-02-24T16:45:18.691Z  INFO 23428 --- [ms-cours-matiere] [restartedMain] .e.DevToolsPropertyDefaultsPostProcessor : Devtools property defaults active! Set 'spring.devtools.add-properties' to 'false' to disable
2025-02-24T16:45:18.692Z  INFO 23428 --- [ms-cours-matiere] [restartedMain] .e.DevToolsPropertyDefaultsPostProcessor : For additional web related logging consider setting the 'logging.level.web' property to 'DEBUG'
2025-02-24T16:45:21.859Z  INFO 23428 --- [ms-cours-matiere] [restartedMain] .s.d.r.c.RepositoryConfigurationDelegate : Bootstrapping Spring Data JPA repositories in DEFAULT mode.
2025-02-24T16:45:22.104Z  INFO 23428 --- [ms-cours-matiere] [restartedMain] .s.d.r.c.RepositoryConfigurationDelegate : Finished Spring Data repository scanning in 212 ms. Found 4 JPA repository interfaces.
2025-02-24T16:45:23.999Z  INFO 23428 --- [ms-cours-matiere] [restartedMain] o.s.b.w.embedded.tomcat.TomcatWebServer  : Tomcat initialized with port 8080 (http)
2025-02-24T16:45:24.041Z  INFO 23428 --- [ms-cours-matiere] [restartedMain] o.apache.catalina.core.StandardService   : Starting service [Tomcat]
2025-02-24T16:45:24.043Z  INFO 23428 --- [ms-cours-matiere] [restartedMain] o.apache.catalina.core.StandardEngine    : Starting Servlet engine: [Apache Tomcat/10.1.34]
2025-02-24T16:45:24.260Z  INFO 23428 --- [ms-cours-matiere] [restartedMain] o.a.c.c.C.[Tomcat].[localhost].[/]       : Initializing Spring embedded WebApplicationContext
2025-02-24T16:45:24.261Z  INFO 23428 --- [ms-cours-matiere] [restartedMain] w.s.c.ServletWebServerApplicationContext : Root WebApplicationContext: initialization completed in 5567 ms
2025-02-24T16:45:24.665Z  INFO 23428 --- [ms-cours-matiere] [restartedMain] o.hibernate.jpa.internal.util.LogHelper  : HHH000204: Processing PersistenceUnitInfo [name: default]
2025-02-24T16:45:24.848Z  INFO 23428 --- [ms-cours-matiere] [restartedMain] org.hibernate.Version                    : HHH000412: Hibernate ORM core version 6.6.5.Final
2025-02-24T16:45:24.955Z  INFO 23428 --- [ms-cours-matiere] [restartedMain] o.h.c.internal.RegionFactoryInitiator    : HHH000026: Second-level cache disabled
2025-02-24T16:45:25.719Z  INFO 23428 --- [ms-cours-matiere] [restartedMain] o.s.o.j.p.SpringPersistenceUnitInfo      : No LoadTimeWeaver setup: ignoring JPA class transformer
2025-02-24T16:45:25.798Z  INFO 23428 --- [ms-cours-matiere] [restartedMain] com.zaxxer.hikari.HikariDataSource       : HikariPool-1 - Starting...
2025-02-24T16:45:26.296Z  INFO 23428 --- [ms-cours-matiere] [restartedMain] com.zaxxer.hikari.pool.HikariPool        : HikariPool-1 - Added connection conn0: url=jdbc:h2:mem:cours-matiere-db user=USER
2025-02-24T16:45:26.300Z  INFO 23428 --- [ms-cours-matiere] [restartedMain] com.zaxxer.hikari.HikariDataSource       : HikariPool-1 - Start completed.
2025-02-24T16:45:26.373Z  WARN 23428 --- [ms-cours-matiere] [restartedMain] org.hibernate.orm.deprecation            : HHH90000025: H2Dialect does not need to be specified explicitly using 'hibernate.dialect' (remove the property setting and it will be selected by default)
2025-02-24T16:45:26.451Z  INFO 23428 --- [ms-cours-matiere] [restartedMain] org.hibernate.orm.connections.pooling    : HHH10001005: Database info:
	Database JDBC URL [Connecting through datasource 'HikariDataSource (HikariPool-1)']
	Database driver: undefined/unknown
	Database version: 2.3.232
	Autocommit mode: undefined/unknown
	Isolation level: undefined/unknown
	Minimum pool size: undefined/unknown
	Maximum pool size: undefined/unknown
2025-02-24T16:45:28.934Z  INFO 23428 --- [ms-cours-matiere] [restartedMain] o.h.e.t.j.p.i.JtaPlatformInitiator       : HHH000489: No JTA platform available (set 'hibernate.transaction.jta.platform' to enable JTA platform integration)
2025-02-24T16:45:29.050Z DEBUG 23428 --- [ms-cours-matiere] [restartedMain] org.hibernate.SQL                        : 
    create table cours (
        id bigint generated by default as identity,
        archive boolean not null,
        description varchar(255) not null,
        nom varchar(255) not null,
        primary key (id)
    )
2025-02-24T16:45:29.066Z DEBUG 23428 --- [ms-cours-matiere] [restartedMain] org.hibernate.SQL                        : 
    create table enseignants (
        id bigint generated by default as identity,
        adresse varchar(255),
        archive boolean not null,
        email_pro varchar(255) not null,
        nom varchar(255) not null,
        numero_telephone varchar(255),
        prenom varchar(255) not null,
        primary key (id)
    )
2025-02-24T16:45:29.068Z DEBUG 23428 --- [ms-cours-matiere] [restartedMain] org.hibernate.SQL                        : 
    create table matieres (
        id bigint generated by default as identity,
        archive boolean not null,
        description varchar(255),
        nom varchar(255) not null,
        cours_id bigint,
        primary key (id)
    )
2025-02-24T16:45:29.072Z DEBUG 23428 --- [ms-cours-matiere] [restartedMain] org.hibernate.SQL                        : 
    create table sessions (
        id bigint generated by default as identity,
        archive boolean not null,
        date_debut timestamp(6),
        date_fin timestamp(6),
        description varchar(255),
        nom varchar(255) not null,
        cours_id bigint,
        enseignant_id bigint,
        primary key (id)
    )
2025-02-24T16:45:29.076Z DEBUG 23428 --- [ms-cours-matiere] [restartedMain] org.hibernate.SQL                        : 
    alter table if exists cours 
       drop constraint if exists UKqdcw85uf45i98o4euh4svcevl
2025-02-24T16:45:29.077Z DEBUG 23428 --- [ms-cours-matiere] [restartedMain] org.hibernate.SQL                        : 
    alter table if exists cours 
       add constraint UKqdcw85uf45i98o4euh4svcevl unique (nom)
2025-02-24T16:45:29.081Z DEBUG 23428 --- [ms-cours-matiere] [restartedMain] org.hibernate.SQL                        : 
    alter table if exists enseignants 
       drop constraint if exists UKgppnwiwrs0w5bb78ohklt21tw
2025-02-24T16:45:29.082Z DEBUG 23428 --- [ms-cours-matiere] [restartedMain] org.hibernate.SQL                        : 
    alter table if exists enseignants 
       add constraint UKgppnwiwrs0w5bb78ohklt21tw unique (email_pro)
2025-02-24T16:45:29.084Z DEBUG 23428 --- [ms-cours-matiere] [restartedMain] org.hibernate.SQL                        : 
    alter table if exists matieres 
       drop constraint if exists UKrvraaeu7dcn7rgoroif7xiwgr
2025-02-24T16:45:29.085Z DEBUG 23428 --- [ms-cours-matiere] [restartedMain] org.hibernate.SQL                        : 
    alter table if exists matieres 
       add constraint UKrvraaeu7dcn7rgoroif7xiwgr unique (nom)
2025-02-24T16:45:29.086Z DEBUG 23428 --- [ms-cours-matiere] [restartedMain] org.hibernate.SQL                        : 
    alter table if exists sessions 
       drop constraint if exists UKm78gqob51er51gcl95lvn57s4
2025-02-24T16:45:29.087Z DEBUG 23428 --- [ms-cours-matiere] [restartedMain] org.hibernate.SQL                        : 
    alter table if exists sessions 
       add constraint UKm78gqob51er51gcl95lvn57s4 unique (nom)
2025-02-24T16:45:29.089Z DEBUG 23428 --- [ms-cours-matiere] [restartedMain] org.hibernate.SQL                        : 
    alter table if exists matieres 
       add constraint FKsrp23sl3mw3gtu5jlt00e564m 
       foreign key (cours_id) 
       references cours
2025-02-24T16:45:29.102Z DEBUG 23428 --- [ms-cours-matiere] [restartedMain] org.hibernate.SQL                        : 
    alter table if exists sessions 
       add constraint FKp41pafy8l42el2euo9frb9hcl 
       foreign key (cours_id) 
       references cours
2025-02-24T16:45:29.105Z DEBUG 23428 --- [ms-cours-matiere] [restartedMain] org.hibernate.SQL                        : 
    alter table if exists sessions 
       add constraint FKl6ox4xnrw0nhk1l8gnvb22xyr 
       foreign key (enseignant_id) 
       references enseignants
2025-02-24T16:45:29.111Z  INFO 23428 --- [ms-cours-matiere] [restartedMain] j.LocalContainerEntityManagerFactoryBean : Initialized JPA EntityManagerFactory for persistence unit 'default'
2025-02-24T16:45:30.246Z  WARN 23428 --- [ms-cours-matiere] [restartedMain] JpaBaseConfiguration$JpaWebConfiguration : spring.jpa.open-in-view is enabled by default. Therefore, database queries may be performed during view rendering. Explicitly configure spring.jpa.open-in-view to disable this warning
2025-02-24T16:45:30.488Z DEBUG 23428 --- [ms-cours-matiere] [restartedMain] s.w.s.m.m.a.RequestMappingHandlerMapping : 22 mappings in 'requestMappingHandlerMapping'
2025-02-24T16:45:30.689Z DEBUG 23428 --- [ms-cours-matiere] [restartedMain] o.s.w.s.handler.SimpleUrlHandlerMapping  : Patterns [/webjars/**, /**] in 'resourceHandlerMapping'
2025-02-24T16:45:30.773Z DEBUG 23428 --- [ms-cours-matiere] [restartedMain] s.w.s.m.m.a.RequestMappingHandlerAdapter : ControllerAdvice beans: 0 @ModelAttribute, 0 @InitBinder, 1 RequestBodyAdvice, 1 ResponseBodyAdvice
2025-02-24T16:45:30.944Z DEBUG 23428 --- [ms-cours-matiere] [restartedMain] .m.m.a.ExceptionHandlerExceptionResolver : ControllerAdvice beans: 1 @ExceptionHandler, 1 ResponseBodyAdvice
2025-02-24T16:45:31.061Z  INFO 23428 --- [ms-cours-matiere] [restartedMain] o.s.b.a.h2.H2ConsoleAutoConfiguration    : H2 console available at '/h2-console'. Database available at 'jdbc:h2:mem:cours-matiere-db'
2025-02-24T16:45:31.247Z  INFO 23428 --- [ms-cours-matiere] [restartedMain] o.s.b.d.a.OptionalLiveReloadServer       : LiveReload server is running on port 35729
2025-02-24T16:45:31.321Z  INFO 23428 --- [ms-cours-matiere] [restartedMain] o.s.b.w.embedded.tomcat.TomcatWebServer  : Tomcat started on port 8080 (http) with context path '/'
2025-02-24T16:45:31.340Z  INFO 23428 --- [ms-cours-matiere] [restartedMain] c.groupeisi.MsCoursMatiereApplication    : Started MsCoursMatiereApplication in 14.018 seconds (process running for 17.695)
2025-02-24T16:45:51.451Z  INFO 23428 --- [ms-cours-matiere] [http-nio-8080-exec-1] o.a.c.c.C.[Tomcat].[localhost].[/]       : Initializing Spring DispatcherServlet 'dispatcherServlet'
2025-02-24T16:45:51.452Z  INFO 23428 --- [ms-cours-matiere] [http-nio-8080-exec-1] o.s.web.servlet.DispatcherServlet        : Initializing Servlet 'dispatcherServlet'
2025-02-24T16:45:51.452Z DEBUG 23428 --- [ms-cours-matiere] [http-nio-8080-exec-1] o.s.web.servlet.DispatcherServlet        : Detected StandardServletMultipartResolver
2025-02-24T16:45:51.453Z DEBUG 23428 --- [ms-cours-matiere] [http-nio-8080-exec-1] o.s.web.servlet.DispatcherServlet        : Detected AcceptHeaderLocaleResolver
2025-02-24T16:45:51.453Z DEBUG 23428 --- [ms-cours-matiere] [http-nio-8080-exec-1] o.s.web.servlet.DispatcherServlet        : Detected FixedThemeResolver
2025-02-24T16:45:51.455Z DEBUG 23428 --- [ms-cours-matiere] [http-nio-8080-exec-1] o.s.web.servlet.DispatcherServlet        : Detected org.springframework.web.servlet.view.DefaultRequestToViewNameTranslator@165c48b5
2025-02-24T16:45:51.456Z DEBUG 23428 --- [ms-cours-matiere] [http-nio-8080-exec-1] o.s.web.servlet.DispatcherServlet        : Detected org.springframework.web.servlet.support.SessionFlashMapManager@3d6fddf
2025-02-24T16:45:51.456Z DEBUG 23428 --- [ms-cours-matiere] [http-nio-8080-exec-1] o.s.web.servlet.DispatcherServlet        : enableLoggingRequestDetails='false': request parameters and headers will be masked to prevent unsafe logging of potentially sensitive data
2025-02-24T16:45:51.457Z  INFO 23428 --- [ms-cours-matiere] [http-nio-8080-exec-1] o.s.web.servlet.DispatcherServlet        : Completed initialization in 4 ms
2025-02-24T16:45:51.477Z DEBUG 23428 --- [ms-cours-matiere] [http-nio-8080-exec-1] o.s.web.servlet.DispatcherServlet        : OPTIONS "/cours", parameters={}
2025-02-24T16:45:51.512Z DEBUG 23428 --- [ms-cours-matiere] [http-nio-8080-exec-1] s.w.s.m.m.a.RequestMappingHandlerMapping : Mapped to com.groupeisi.cours.controller.CoursController#createCours(CoursDtoRequest)
2025-02-24T16:45:51.593Z DEBUG 23428 --- [ms-cours-matiere] [http-nio-8080-exec-1] o.s.web.servlet.DispatcherServlet        : Completed 403 FORBIDDEN
2025-02-24T16:50:16.997Z  INFO 23428 --- [ms-cours-matiere] [SpringApplicationShutdownHook] o.s.b.w.e.tomcat.GracefulShutdown        : Commencing graceful shutdown. Waiting for active requests to complete
2025-02-24T16:50:18.252Z  INFO 23428 --- [ms-cours-matiere] [tomcat-shutdown] o.s.b.w.e.tomcat.GracefulShutdown        : Graceful shutdown complete
2025-02-24T16:50:18.258Z  INFO 23428 --- [ms-cours-matiere] [SpringApplicationShutdownHook] j.LocalContainerEntityManagerFactoryBean : Closing JPA EntityManagerFactory for persistence unit 'default'
2025-02-24T16:50:18.268Z  WARN 23428 --- [ms-cours-matiere] [SpringApplicationShutdownHook] o.s.b.f.support.DisposableBeanAdapter    : Invocation of destroy method failed on bean with name 'inMemoryDatabaseShutdownExecutor': org.h2.jdbc.JdbcSQLNonTransientConnectionException: La base de données est déjà fermée (pour désactiver la fermeture automatique à l'arrêt de la VM, ajoutez "; DB_CLOSE_ON_EXIT = FALSE" à l'URL db)
Database is already closed (to disable automatic closing at VM shutdown, add ";DB_CLOSE_ON_EXIT=FALSE" to the db URL) [90121-232]
2025-02-24T16:50:18.269Z  INFO 23428 --- [ms-cours-matiere] [SpringApplicationShutdownHook] com.zaxxer.hikari.HikariDataSource       : HikariPool-1 - Shutdown initiated...
2025-02-24T16:50:18.272Z  INFO 23428 --- [ms-cours-matiere] [SpringApplicationShutdownHook] com.zaxxer.hikari.HikariDataSource       : HikariPool-1 - Shutdown completed.
2025-02-24T16:50:37.702Z  INFO 21968 --- [ms-cours-matiere] [restartedMain] c.groupeisi.MsCoursMatiereApplication    : Starting MsCoursMatiereApplication using Java 17.0.13 with PID 21968 (C:\SECK\Master_2\JEE\ms-cours-matiere\target\classes started by hp in C:\SECK\Master_2\JEE\ms-cours-matiere)
2025-02-24T16:50:37.708Z  INFO 21968 --- [ms-cours-matiere] [restartedMain] c.groupeisi.MsCoursMatiereApplication    : No active profile set, falling back to 1 default profile: "default"
2025-02-24T16:50:37.846Z  INFO 21968 --- [ms-cours-matiere] [restartedMain] .e.DevToolsPropertyDefaultsPostProcessor : Devtools property defaults active! Set 'spring.devtools.add-properties' to 'false' to disable
2025-02-24T16:50:37.847Z  INFO 21968 --- [ms-cours-matiere] [restartedMain] .e.DevToolsPropertyDefaultsPostProcessor : For additional web related logging consider setting the 'logging.level.web' property to 'DEBUG'
2025-02-24T16:50:39.599Z  INFO 21968 --- [ms-cours-matiere] [restartedMain] .s.d.r.c.RepositoryConfigurationDelegate : Bootstrapping Spring Data JPA repositories in DEFAULT mode.
2025-02-24T16:50:39.807Z  INFO 21968 --- [ms-cours-matiere] [restartedMain] .s.d.r.c.RepositoryConfigurationDelegate : Finished Spring Data repository scanning in 188 ms. Found 4 JPA repository interfaces.
2025-02-24T16:50:41.343Z  INFO 21968 --- [ms-cours-matiere] [restartedMain] o.s.b.w.embedded.tomcat.TomcatWebServer  : Tomcat initialized with port 8080 (http)
2025-02-24T16:50:41.367Z  INFO 21968 --- [ms-cours-matiere] [restartedMain] o.apache.catalina.core.StandardService   : Starting service [Tomcat]
2025-02-24T16:50:41.368Z  INFO 21968 --- [ms-cours-matiere] [restartedMain] o.apache.catalina.core.StandardEngine    : Starting Servlet engine: [Apache Tomcat/10.1.34]
2025-02-24T16:50:41.475Z  INFO 21968 --- [ms-cours-matiere] [restartedMain] o.a.c.c.C.[Tomcat].[localhost].[/]       : Initializing Spring embedded WebApplicationContext
2025-02-24T16:50:41.475Z  INFO 21968 --- [ms-cours-matiere] [restartedMain] w.s.c.ServletWebServerApplicationContext : Root WebApplicationContext: initialization completed in 3627 ms
2025-02-24T16:50:41.834Z  INFO 21968 --- [ms-cours-matiere] [restartedMain] o.hibernate.jpa.internal.util.LogHelper  : HHH000204: Processing PersistenceUnitInfo [name: default]
2025-02-24T16:50:41.975Z  INFO 21968 --- [ms-cours-matiere] [restartedMain] org.hibernate.Version                    : HHH000412: Hibernate ORM core version 6.6.5.Final
2025-02-24T16:50:42.056Z  INFO 21968 --- [ms-cours-matiere] [restartedMain] o.h.c.internal.RegionFactoryInitiator    : HHH000026: Second-level cache disabled
2025-02-24T16:50:42.689Z  INFO 21968 --- [ms-cours-matiere] [restartedMain] o.s.o.j.p.SpringPersistenceUnitInfo      : No LoadTimeWeaver setup: ignoring JPA class transformer
2025-02-24T16:50:42.753Z  INFO 21968 --- [ms-cours-matiere] [restartedMain] com.zaxxer.hikari.HikariDataSource       : HikariPool-1 - Starting...
2025-02-24T16:50:43.153Z  INFO 21968 --- [ms-cours-matiere] [restartedMain] com.zaxxer.hikari.pool.HikariPool        : HikariPool-1 - Added connection conn0: url=jdbc:h2:mem:cours-matiere-db user=USER
2025-02-24T16:50:43.158Z  INFO 21968 --- [ms-cours-matiere] [restartedMain] com.zaxxer.hikari.HikariDataSource       : HikariPool-1 - Start completed.
2025-02-24T16:50:43.209Z  WARN 21968 --- [ms-cours-matiere] [restartedMain] org.hibernate.orm.deprecation            : HHH90000025: H2Dialect does not need to be specified explicitly using 'hibernate.dialect' (remove the property setting and it will be selected by default)
2025-02-24T16:50:43.256Z  INFO 21968 --- [ms-cours-matiere] [restartedMain] org.hibernate.orm.connections.pooling    : HHH10001005: Database info:
	Database JDBC URL [Connecting through datasource 'HikariDataSource (HikariPool-1)']
	Database driver: undefined/unknown
	Database version: 2.3.232
	Autocommit mode: undefined/unknown
	Isolation level: undefined/unknown
	Minimum pool size: undefined/unknown
	Maximum pool size: undefined/unknown
2025-02-24T16:50:45.525Z  INFO 21968 --- [ms-cours-matiere] [restartedMain] o.h.e.t.j.p.i.JtaPlatformInitiator       : HHH000489: No JTA platform available (set 'hibernate.transaction.jta.platform' to enable JTA platform integration)
2025-02-24T16:50:45.642Z DEBUG 21968 --- [ms-cours-matiere] [restartedMain] org.hibernate.SQL                        : 
    create table cours (
        id bigint generated by default as identity,
        archive boolean not null,
        description varchar(255) not null,
        nom varchar(255) not null,
        primary key (id)
    )
2025-02-24T16:50:45.659Z DEBUG 21968 --- [ms-cours-matiere] [restartedMain] org.hibernate.SQL                        : 
    create table enseignants (
        id bigint generated by default as identity,
        adresse varchar(255),
        archive boolean not null,
        email_pro varchar(255) not null,
        nom varchar(255) not null,
        numero_telephone varchar(255),
        prenom varchar(255) not null,
        primary key (id)
    )
2025-02-24T16:50:45.664Z DEBUG 21968 --- [ms-cours-matiere] [restartedMain] org.hibernate.SQL                        : 
    create table matieres (
        id bigint generated by default as identity,
        archive boolean not null,
        description varchar(255),
        nom varchar(255) not null,
        cours_id bigint,
        primary key (id)
    )
2025-02-24T16:50:45.667Z DEBUG 21968 --- [ms-cours-matiere] [restartedMain] org.hibernate.SQL                        : 
    create table sessions (
        id bigint generated by default as identity,
        archive boolean not null,
        date_debut timestamp(6),
        date_fin timestamp(6),
        description varchar(255),
        nom varchar(255) not null,
        cours_id bigint,
        enseignant_id bigint,
        primary key (id)
    )
2025-02-24T16:50:45.671Z DEBUG 21968 --- [ms-cours-matiere] [restartedMain] org.hibernate.SQL                        : 
    alter table if exists cours 
       drop constraint if exists UKqdcw85uf45i98o4euh4svcevl
2025-02-24T16:50:45.672Z DEBUG 21968 --- [ms-cours-matiere] [restartedMain] org.hibernate.SQL                        : 
    alter table if exists cours 
       add constraint UKqdcw85uf45i98o4euh4svcevl unique (nom)
2025-02-24T16:50:45.678Z DEBUG 21968 --- [ms-cours-matiere] [restartedMain] org.hibernate.SQL                        : 
    alter table if exists enseignants 
       drop constraint if exists UKgppnwiwrs0w5bb78ohklt21tw
2025-02-24T16:50:45.679Z DEBUG 21968 --- [ms-cours-matiere] [restartedMain] org.hibernate.SQL                        : 
    alter table if exists enseignants 
       add constraint UKgppnwiwrs0w5bb78ohklt21tw unique (email_pro)
2025-02-24T16:50:45.680Z DEBUG 21968 --- [ms-cours-matiere] [restartedMain] org.hibernate.SQL                        : 
    alter table if exists matieres 
       drop constraint if exists UKrvraaeu7dcn7rgoroif7xiwgr
2025-02-24T16:50:45.682Z DEBUG 21968 --- [ms-cours-matiere] [restartedMain] org.hibernate.SQL                        : 
    alter table if exists matieres 
       add constraint UKrvraaeu7dcn7rgoroif7xiwgr unique (nom)
2025-02-24T16:50:45.683Z DEBUG 21968 --- [ms-cours-matiere] [restartedMain] org.hibernate.SQL                        : 
    alter table if exists sessions 
       drop constraint if exists UKm78gqob51er51gcl95lvn57s4
2025-02-24T16:50:45.684Z DEBUG 21968 --- [ms-cours-matiere] [restartedMain] org.hibernate.SQL                        : 
    alter table if exists sessions 
       add constraint UKm78gqob51er51gcl95lvn57s4 unique (nom)
2025-02-24T16:50:45.687Z DEBUG 21968 --- [ms-cours-matiere] [restartedMain] org.hibernate.SQL                        : 
    alter table if exists matieres 
       add constraint FKsrp23sl3mw3gtu5jlt00e564m 
       foreign key (cours_id) 
       references cours
2025-02-24T16:50:45.703Z DEBUG 21968 --- [ms-cours-matiere] [restartedMain] org.hibernate.SQL                        : 
    alter table if exists sessions 
       add constraint FKp41pafy8l42el2euo9frb9hcl 
       foreign key (cours_id) 
       references cours
2025-02-24T16:50:45.707Z DEBUG 21968 --- [ms-cours-matiere] [restartedMain] org.hibernate.SQL                        : 
    alter table if exists sessions 
       add constraint FKl6ox4xnrw0nhk1l8gnvb22xyr 
       foreign key (enseignant_id) 
       references enseignants
2025-02-24T16:50:45.714Z  INFO 21968 --- [ms-cours-matiere] [restartedMain] j.LocalContainerEntityManagerFactoryBean : Initialized JPA EntityManagerFactory for persistence unit 'default'
2025-02-24T16:50:46.805Z  WARN 21968 --- [ms-cours-matiere] [restartedMain] JpaBaseConfiguration$JpaWebConfiguration : spring.jpa.open-in-view is enabled by default. Therefore, database queries may be performed during view rendering. Explicitly configure spring.jpa.open-in-view to disable this warning
2025-02-24T16:50:47.016Z DEBUG 21968 --- [ms-cours-matiere] [restartedMain] s.w.s.m.m.a.RequestMappingHandlerMapping : 22 mappings in 'requestMappingHandlerMapping'
2025-02-24T16:50:47.244Z DEBUG 21968 --- [ms-cours-matiere] [restartedMain] o.s.w.s.handler.SimpleUrlHandlerMapping  : Patterns [/webjars/**, /**] in 'resourceHandlerMapping'
2025-02-24T16:50:47.313Z DEBUG 21968 --- [ms-cours-matiere] [restartedMain] s.w.s.m.m.a.RequestMappingHandlerAdapter : ControllerAdvice beans: 0 @ModelAttribute, 0 @InitBinder, 1 RequestBodyAdvice, 1 ResponseBodyAdvice
2025-02-24T16:50:47.411Z DEBUG 21968 --- [ms-cours-matiere] [restartedMain] .m.m.a.ExceptionHandlerExceptionResolver : ControllerAdvice beans: 1 @ExceptionHandler, 1 ResponseBodyAdvice
2025-02-24T16:50:47.516Z  INFO 21968 --- [ms-cours-matiere] [restartedMain] o.s.b.a.h2.H2ConsoleAutoConfiguration    : H2 console available at '/h2-console'. Database available at 'jdbc:h2:mem:cours-matiere-db'
2025-02-24T16:50:47.695Z  INFO 21968 --- [ms-cours-matiere] [restartedMain] o.s.b.d.a.OptionalLiveReloadServer       : LiveReload server is running on port 35729
2025-02-24T16:50:47.794Z  INFO 21968 --- [ms-cours-matiere] [restartedMain] o.s.b.w.embedded.tomcat.TomcatWebServer  : Tomcat started on port 8080 (http) with context path '/'
2025-02-24T16:50:47.811Z  INFO 21968 --- [ms-cours-matiere] [restartedMain] c.groupeisi.MsCoursMatiereApplication    : Started MsCoursMatiereApplication in 11.335 seconds (process running for 13.291)
2025-02-24T16:51:10.992Z  INFO 21968 --- [ms-cours-matiere] [http-nio-8080-exec-1] o.a.c.c.C.[Tomcat].[localhost].[/]       : Initializing Spring DispatcherServlet 'dispatcherServlet'
2025-02-24T16:51:10.993Z  INFO 21968 --- [ms-cours-matiere] [http-nio-8080-exec-1] o.s.web.servlet.DispatcherServlet        : Initializing Servlet 'dispatcherServlet'
2025-02-24T16:51:10.994Z DEBUG 21968 --- [ms-cours-matiere] [http-nio-8080-exec-1] o.s.web.servlet.DispatcherServlet        : Detected StandardServletMultipartResolver
2025-02-24T16:51:10.994Z DEBUG 21968 --- [ms-cours-matiere] [http-nio-8080-exec-1] o.s.web.servlet.DispatcherServlet        : Detected AcceptHeaderLocaleResolver
2025-02-24T16:51:10.994Z DEBUG 21968 --- [ms-cours-matiere] [http-nio-8080-exec-1] o.s.web.servlet.DispatcherServlet        : Detected FixedThemeResolver
2025-02-24T16:51:10.997Z DEBUG 21968 --- [ms-cours-matiere] [http-nio-8080-exec-1] o.s.web.servlet.DispatcherServlet        : Detected org.springframework.web.servlet.view.DefaultRequestToViewNameTranslator@10fc0dfb
2025-02-24T16:51:10.998Z DEBUG 21968 --- [ms-cours-matiere] [http-nio-8080-exec-1] o.s.web.servlet.DispatcherServlet        : Detected org.springframework.web.servlet.support.SessionFlashMapManager@18af8b98
2025-02-24T16:51:10.999Z DEBUG 21968 --- [ms-cours-matiere] [http-nio-8080-exec-1] o.s.web.servlet.DispatcherServlet        : enableLoggingRequestDetails='false': request parameters and headers will be masked to prevent unsafe logging of potentially sensitive data
2025-02-24T16:51:10.999Z  INFO 21968 --- [ms-cours-matiere] [http-nio-8080-exec-1] o.s.web.servlet.DispatcherServlet        : Completed initialization in 6 ms
2025-02-24T16:51:11.025Z DEBUG 21968 --- [ms-cours-matiere] [http-nio-8080-exec-1] o.s.web.servlet.DispatcherServlet        : OPTIONS "/cours", parameters={}
2025-02-24T16:51:11.050Z DEBUG 21968 --- [ms-cours-matiere] [http-nio-8080-exec-1] s.w.s.m.m.a.RequestMappingHandlerMapping : Mapped to com.groupeisi.cours.controller.CoursController#createCours(CoursDtoRequest)
2025-02-24T16:51:11.101Z DEBUG 21968 --- [ms-cours-matiere] [http-nio-8080-exec-1] o.s.web.servlet.DispatcherServlet        : Completed 200 OK
2025-02-24T16:51:11.119Z DEBUG 21968 --- [ms-cours-matiere] [http-nio-8080-exec-2] o.s.web.servlet.DispatcherServlet        : POST "/cours", parameters={}
2025-02-24T16:51:11.120Z DEBUG 21968 --- [ms-cours-matiere] [http-nio-8080-exec-2] s.w.s.m.m.a.RequestMappingHandlerMapping : Mapped to com.groupeisi.cours.controller.CoursController#createCours(CoursDtoRequest)
2025-02-24T16:51:11.327Z DEBUG 21968 --- [ms-cours-matiere] [http-nio-8080-exec-2] m.m.a.RequestResponseBodyMethodProcessor : Read "application/json;charset=UTF-8" to [CoursDtoRequest(id=null, nom=math, description=ddd, archive=false)]
2025-02-24T16:51:11.771Z DEBUG 21968 --- [ms-cours-matiere] [http-nio-8080-exec-2] org.hibernate.SQL                        : 
    select
        c1_0.id,
        c1_0.archive,
        c1_0.description,
        c1_0.nom 
    from
        cours c1_0 
    where
        c1_0.nom=?
2025-02-24T16:51:11.909Z DEBUG 21968 --- [ms-cours-matiere] [http-nio-8080-exec-2] org.hibernate.SQL                        : 
    insert 
    into
        cours
        (archive, description, nom, id) 
    values
        (?, ?, ?, default)
2025-02-24T16:51:12.016Z DEBUG 21968 --- [ms-cours-matiere] [http-nio-8080-exec-2] o.s.w.s.m.m.a.HttpEntityMethodProcessor  : Using 'application/json', given [application/json, text/plain, */*] and supported [application/json, application/*+json]
2025-02-24T16:51:12.021Z DEBUG 21968 --- [ms-cours-matiere] [http-nio-8080-exec-2] o.s.w.s.m.m.a.HttpEntityMethodProcessor  : Writing [CoursDtoResponse(id=1, nom=math, description=ddd, archive=false)]
2025-02-24T16:51:12.054Z DEBUG 21968 --- [ms-cours-matiere] [http-nio-8080-exec-2] o.s.web.servlet.DispatcherServlet        : Completed 200 OK
2025-02-24T16:51:12.083Z DEBUG 21968 --- [ms-cours-matiere] [http-nio-8080-exec-3] o.s.web.servlet.DispatcherServlet        : GET "/cours", parameters={}
2025-02-24T16:51:12.086Z DEBUG 21968 --- [ms-cours-matiere] [http-nio-8080-exec-3] s.w.s.m.m.a.RequestMappingHandlerMapping : Mapped to com.groupeisi.cours.controller.CoursController#getAllCours()
2025-02-24T16:51:12.109Z DEBUG 21968 --- [ms-cours-matiere] [http-nio-8080-exec-3] org.hibernate.SQL                        : 
    select
        c1_0.id,
        c1_0.archive,
        c1_0.description,
        c1_0.nom 
    from
        cours c1_0
2025-02-24T16:51:12.148Z DEBUG 21968 --- [ms-cours-matiere] [http-nio-8080-exec-3] o.s.w.s.m.m.a.HttpEntityMethodProcessor  : Using 'application/json', given [application/json, text/plain, */*] and supported [application/json, application/*+json]
2025-02-24T16:51:12.149Z DEBUG 21968 --- [ms-cours-matiere] [http-nio-8080-exec-3] o.s.w.s.m.m.a.HttpEntityMethodProcessor  : Writing [[CoursDtoResponse(id=1, nom=math, description=ddd, archive=false)]]
2025-02-24T16:51:12.155Z DEBUG 21968 --- [ms-cours-matiere] [http-nio-8080-exec-3] o.s.web.servlet.DispatcherServlet        : Completed 201 CREATED
2025-02-24T16:51:12.158Z DEBUG 21968 --- [ms-cours-matiere] [http-nio-8080-exec-4] o.s.web.servlet.DispatcherServlet        : GET "/cours", parameters={}
2025-02-24T16:51:12.159Z DEBUG 21968 --- [ms-cours-matiere] [http-nio-8080-exec-4] s.w.s.m.m.a.RequestMappingHandlerMapping : Mapped to com.groupeisi.cours.controller.CoursController#getAllCours()
2025-02-24T16:51:12.163Z DEBUG 21968 --- [ms-cours-matiere] [http-nio-8080-exec-4] org.hibernate.SQL                        : 
    select
        c1_0.id,
        c1_0.archive,
        c1_0.description,
        c1_0.nom 
    from
        cours c1_0
2025-02-24T16:51:12.167Z DEBUG 21968 --- [ms-cours-matiere] [http-nio-8080-exec-4] o.s.w.s.m.m.a.HttpEntityMethodProcessor  : Using 'application/json', given [application/json, text/plain, */*] and supported [application/json, application/*+json]
2025-02-24T16:51:12.169Z DEBUG 21968 --- [ms-cours-matiere] [http-nio-8080-exec-4] o.s.w.s.m.m.a.HttpEntityMethodProcessor  : Writing [[CoursDtoResponse(id=1, nom=math, description=ddd, archive=false)]]
2025-02-24T16:51:12.171Z DEBUG 21968 --- [ms-cours-matiere] [http-nio-8080-exec-4] o.s.web.servlet.DispatcherServlet        : Completed 201 CREATED
2025-02-24T16:53:28.404Z DEBUG 21968 --- [ms-cours-matiere] [http-nio-8080-exec-7] o.s.web.servlet.DispatcherServlet        : POST "/cours", parameters={}
2025-02-24T16:53:28.406Z DEBUG 21968 --- [ms-cours-matiere] [http-nio-8080-exec-7] s.w.s.m.m.a.RequestMappingHandlerMapping : Mapped to com.groupeisi.cours.controller.CoursController#createCours(CoursDtoRequest)
2025-02-24T16:53:28.414Z DEBUG 21968 --- [ms-cours-matiere] [http-nio-8080-exec-7] m.m.a.RequestResponseBodyMethodProcessor : Read "application/json;charset=UTF-8" to [CoursDtoRequest(id=null, nom=sec, description=cheikh, archive=false)]
2025-02-24T16:53:28.426Z DEBUG 21968 --- [ms-cours-matiere] [http-nio-8080-exec-7] org.hibernate.SQL                        : 
    select
        c1_0.id,
        c1_0.archive,
        c1_0.description,
        c1_0.nom 
    from
        cours c1_0 
    where
        c1_0.nom=?
2025-02-24T16:53:28.436Z DEBUG 21968 --- [ms-cours-matiere] [http-nio-8080-exec-7] org.hibernate.SQL                        : 
    insert 
    into
        cours
        (archive, description, nom, id) 
    values
        (?, ?, ?, default)
2025-02-24T16:53:28.441Z DEBUG 21968 --- [ms-cours-matiere] [http-nio-8080-exec-7] o.s.w.s.m.m.a.HttpEntityMethodProcessor  : Using 'application/json', given [application/json, text/plain, */*] and supported [application/json, application/*+json]
2025-02-24T16:53:28.442Z DEBUG 21968 --- [ms-cours-matiere] [http-nio-8080-exec-7] o.s.w.s.m.m.a.HttpEntityMethodProcessor  : Writing [CoursDtoResponse(id=2, nom=sec, description=cheikh, archive=false)]
2025-02-24T16:53:28.445Z DEBUG 21968 --- [ms-cours-matiere] [http-nio-8080-exec-7] o.s.web.servlet.DispatcherServlet        : Completed 200 OK
2025-02-24T16:53:28.467Z DEBUG 21968 --- [ms-cours-matiere] [http-nio-8080-exec-8] o.s.web.servlet.DispatcherServlet        : GET "/cours", parameters={}
2025-02-24T16:53:28.468Z DEBUG 21968 --- [ms-cours-matiere] [http-nio-8080-exec-8] s.w.s.m.m.a.RequestMappingHandlerMapping : Mapped to com.groupeisi.cours.controller.CoursController#getAllCours()
2025-02-24T16:53:28.472Z DEBUG 21968 --- [ms-cours-matiere] [http-nio-8080-exec-8] org.hibernate.SQL                        : 
    select
        c1_0.id,
        c1_0.archive,
        c1_0.description,
        c1_0.nom 
    from
        cours c1_0
2025-02-24T16:53:28.477Z DEBUG 21968 --- [ms-cours-matiere] [http-nio-8080-exec-8] o.s.w.s.m.m.a.HttpEntityMethodProcessor  : Using 'application/json', given [application/json, text/plain, */*] and supported [application/json, application/*+json]
2025-02-24T16:53:28.478Z DEBUG 21968 --- [ms-cours-matiere] [http-nio-8080-exec-8] o.s.w.s.m.m.a.HttpEntityMethodProcessor  : Writing [[CoursDtoResponse(id=1, nom=math, description=ddd, archive=false), CoursDtoResponse(id=2, nom=sec, d (truncated)...]
2025-02-24T16:53:28.479Z DEBUG 21968 --- [ms-cours-matiere] [http-nio-8080-exec-8] o.s.web.servlet.DispatcherServlet        : Completed 201 CREATED
2025-02-24T16:53:28.486Z DEBUG 21968 --- [ms-cours-matiere] [http-nio-8080-exec-9] o.s.web.servlet.DispatcherServlet        : GET "/cours", parameters={}
2025-02-24T16:53:28.487Z DEBUG 21968 --- [ms-cours-matiere] [http-nio-8080-exec-9] s.w.s.m.m.a.RequestMappingHandlerMapping : Mapped to com.groupeisi.cours.controller.CoursController#getAllCours()
2025-02-24T16:53:28.492Z DEBUG 21968 --- [ms-cours-matiere] [http-nio-8080-exec-9] org.hibernate.SQL                        : 
    select
        c1_0.id,
        c1_0.archive,
        c1_0.description,
        c1_0.nom 
    from
        cours c1_0
2025-02-24T16:53:28.496Z DEBUG 21968 --- [ms-cours-matiere] [http-nio-8080-exec-9] o.s.w.s.m.m.a.HttpEntityMethodProcessor  : Using 'application/json', given [application/json, text/plain, */*] and supported [application/json, application/*+json]
2025-02-24T16:53:28.498Z DEBUG 21968 --- [ms-cours-matiere] [http-nio-8080-exec-9] o.s.w.s.m.m.a.HttpEntityMethodProcessor  : Writing [[CoursDtoResponse(id=1, nom=math, description=ddd, archive=false), CoursDtoResponse(id=2, nom=sec, d (truncated)...]
2025-02-24T16:53:28.501Z DEBUG 21968 --- [ms-cours-matiere] [http-nio-8080-exec-9] o.s.web.servlet.DispatcherServlet        : Completed 201 CREATED
2025-02-24T16:54:22.160Z DEBUG 21968 --- [ms-cours-matiere] [http-nio-8080-exec-10] o.s.web.servlet.DispatcherServlet        : POST "/cours", parameters={}
2025-02-24T16:54:22.169Z DEBUG 21968 --- [ms-cours-matiere] [http-nio-8080-exec-10] s.w.s.m.m.a.RequestMappingHandlerMapping : Mapped to com.groupeisi.cours.controller.CoursController#createCours(CoursDtoRequest)
2025-02-24T16:54:22.180Z DEBUG 21968 --- [ms-cours-matiere] [http-nio-8080-exec-10] m.m.a.RequestResponseBodyMethodProcessor : Read "application/json;charset=UTF-8" to [CoursDtoRequest(id=null, nom=bd, description=gg, archive=false)]
2025-02-24T16:54:22.190Z DEBUG 21968 --- [ms-cours-matiere] [http-nio-8080-exec-10] org.hibernate.SQL                        : 
    select
        c1_0.id,
        c1_0.archive,
        c1_0.description,
        c1_0.nom 
    from
        cours c1_0 
    where
        c1_0.nom=?
2025-02-24T16:54:22.195Z DEBUG 21968 --- [ms-cours-matiere] [http-nio-8080-exec-10] org.hibernate.SQL                        : 
    insert 
    into
        cours
        (archive, description, nom, id) 
    values
        (?, ?, ?, default)
2025-02-24T16:54:22.199Z DEBUG 21968 --- [ms-cours-matiere] [http-nio-8080-exec-10] o.s.w.s.m.m.a.HttpEntityMethodProcessor  : Using 'application/json', given [application/json, text/plain, */*] and supported [application/json, application/*+json]
2025-02-24T16:54:22.199Z DEBUG 21968 --- [ms-cours-matiere] [http-nio-8080-exec-10] o.s.w.s.m.m.a.HttpEntityMethodProcessor  : Writing [CoursDtoResponse(id=3, nom=bd, description=gg, archive=false)]
2025-02-24T16:54:22.205Z DEBUG 21968 --- [ms-cours-matiere] [http-nio-8080-exec-10] o.s.web.servlet.DispatcherServlet        : Completed 200 OK
2025-02-24T16:54:25.000Z DEBUG 21968 --- [ms-cours-matiere] [http-nio-8080-exec-1] o.s.web.servlet.DispatcherServlet        : POST "/cours", parameters={}
2025-02-24T16:54:25.002Z DEBUG 21968 --- [ms-cours-matiere] [http-nio-8080-exec-1] s.w.s.m.m.a.RequestMappingHandlerMapping : Mapped to com.groupeisi.cours.controller.CoursController#createCours(CoursDtoRequest)
2025-02-24T16:54:25.005Z DEBUG 21968 --- [ms-cours-matiere] [http-nio-8080-exec-1] m.m.a.RequestResponseBodyMethodProcessor : Read "application/json;charset=UTF-8" to [CoursDtoRequest(id=null, nom=bd, description=gg, archive=false)]
2025-02-24T16:54:25.012Z DEBUG 21968 --- [ms-cours-matiere] [http-nio-8080-exec-1] org.hibernate.SQL                        : 
    select
        c1_0.id,
        c1_0.archive,
        c1_0.description,
        c1_0.nom 
    from
        cours c1_0 
    where
        c1_0.nom=?
2025-02-24T16:54:25.064Z ERROR 21968 --- [ms-cours-matiere] [http-nio-8080-exec-1] com.groupeisi.config.LoggingAspect       : Exception in com.groupeisi.cours.controller.CoursController.createCours() with message = the cours with name = bd is already created
2025-02-24T16:54:25.071Z DEBUG 21968 --- [ms-cours-matiere] [http-nio-8080-exec-1] .m.m.a.ExceptionHandlerExceptionResolver : Using @ExceptionHandler com.groupeisi.exception.ApiExceptionHandler#handleEntityExistException(EntityExistsException)
2025-02-24T16:54:25.084Z DEBUG 21968 --- [ms-cours-matiere] [http-nio-8080-exec-1] o.s.w.s.m.m.a.HttpEntityMethodProcessor  : Using 'application/json', given [application/json, text/plain, */*] and supported [application/json, application/*+json]
2025-02-24T16:54:25.086Z DEBUG 21968 --- [ms-cours-matiere] [http-nio-8080-exec-1] o.s.w.s.m.m.a.HttpEntityMethodProcessor  : Writing [com.groupeisi.exception.ApiException@4a193468]
2025-02-24T16:54:25.089Z  WARN 21968 --- [ms-cours-matiere] [http-nio-8080-exec-1] .m.m.a.ExceptionHandlerExceptionResolver : Resolved [com.groupeisi.exception.EntityExistsException: the cours with name = bd is already created]
2025-02-24T16:54:25.091Z DEBUG 21968 --- [ms-cours-matiere] [http-nio-8080-exec-1] o.s.web.servlet.DispatcherServlet        : Completed 400 BAD_REQUEST
2025-02-24T16:54:39.233Z DEBUG 21968 --- [ms-cours-matiere] [http-nio-8080-exec-3] o.s.web.servlet.DispatcherServlet        : GET "/cours", parameters={}
2025-02-24T16:54:39.234Z DEBUG 21968 --- [ms-cours-matiere] [http-nio-8080-exec-3] s.w.s.m.m.a.RequestMappingHandlerMapping : Mapped to com.groupeisi.cours.controller.CoursController#getAllCours()
2025-02-24T16:54:39.238Z DEBUG 21968 --- [ms-cours-matiere] [http-nio-8080-exec-3] org.hibernate.SQL                        : 
    select
        c1_0.id,
        c1_0.archive,
        c1_0.description,
        c1_0.nom 
    from
        cours c1_0
2025-02-24T16:54:39.241Z DEBUG 21968 --- [ms-cours-matiere] [http-nio-8080-exec-3] o.s.w.s.m.m.a.HttpEntityMethodProcessor  : Using 'application/json', given [application/json, text/plain, */*] and supported [application/json, application/*+json]
2025-02-24T16:54:39.242Z DEBUG 21968 --- [ms-cours-matiere] [http-nio-8080-exec-3] o.s.w.s.m.m.a.HttpEntityMethodProcessor  : Writing [[CoursDtoResponse(id=1, nom=math, description=ddd, archive=false), CoursDtoResponse(id=2, nom=sec, d (truncated)...]
2025-02-24T16:54:39.244Z DEBUG 21968 --- [ms-cours-matiere] [http-nio-8080-exec-3] o.s.web.servlet.DispatcherServlet        : Completed 201 CREATED
2025-02-24T16:54:39.250Z DEBUG 21968 --- [ms-cours-matiere] [http-nio-8080-exec-4] o.s.web.servlet.DispatcherServlet        : GET "/cours", parameters={}
2025-02-24T16:54:39.251Z DEBUG 21968 --- [ms-cours-matiere] [http-nio-8080-exec-4] s.w.s.m.m.a.RequestMappingHandlerMapping : Mapped to com.groupeisi.cours.controller.CoursController#getAllCours()
2025-02-24T16:54:39.255Z DEBUG 21968 --- [ms-cours-matiere] [http-nio-8080-exec-4] org.hibernate.SQL                        : 
    select
        c1_0.id,
        c1_0.archive,
        c1_0.description,
        c1_0.nom 
    from
        cours c1_0
2025-02-24T16:54:39.260Z DEBUG 21968 --- [ms-cours-matiere] [http-nio-8080-exec-4] o.s.w.s.m.m.a.HttpEntityMethodProcessor  : Using 'application/json', given [application/json, text/plain, */*] and supported [application/json, application/*+json]
2025-02-24T16:54:39.262Z DEBUG 21968 --- [ms-cours-matiere] [http-nio-8080-exec-4] o.s.w.s.m.m.a.HttpEntityMethodProcessor  : Writing [[CoursDtoResponse(id=1, nom=math, description=ddd, archive=false), CoursDtoResponse(id=2, nom=sec, d (truncated)...]
2025-02-24T16:54:39.265Z DEBUG 21968 --- [ms-cours-matiere] [http-nio-8080-exec-4] o.s.web.servlet.DispatcherServlet        : Completed 201 CREATED
2025-02-24T16:55:43.234Z DEBUG 21968 --- [ms-cours-matiere] [http-nio-8080-exec-6] o.s.web.servlet.DispatcherServlet        : GET "/cours", parameters={}
2025-02-24T16:55:43.234Z DEBUG 21968 --- [ms-cours-matiere] [http-nio-8080-exec-6] s.w.s.m.m.a.RequestMappingHandlerMapping : Mapped to com.groupeisi.cours.controller.CoursController#getAllCours()
2025-02-24T16:55:43.237Z DEBUG 21968 --- [ms-cours-matiere] [http-nio-8080-exec-6] org.hibernate.SQL                        : 
    select
        c1_0.id,
        c1_0.archive,
        c1_0.description,
        c1_0.nom 
    from
        cours c1_0
2025-02-24T16:55:43.239Z DEBUG 21968 --- [ms-cours-matiere] [http-nio-8080-exec-6] o.s.w.s.m.m.a.HttpEntityMethodProcessor  : Using 'application/json', given [application/json, text/plain, */*] and supported [application/json, application/*+json]
2025-02-24T16:55:43.239Z DEBUG 21968 --- [ms-cours-matiere] [http-nio-8080-exec-6] o.s.w.s.m.m.a.HttpEntityMethodProcessor  : Writing [[CoursDtoResponse(id=1, nom=math, description=ddd, archive=false), CoursDtoResponse(id=2, nom=sec, d (truncated)...]
2025-02-24T16:55:43.242Z DEBUG 21968 --- [ms-cours-matiere] [http-nio-8080-exec-6] o.s.web.servlet.DispatcherServlet        : Completed 201 CREATED
2025-02-24T16:55:43.246Z DEBUG 21968 --- [ms-cours-matiere] [http-nio-8080-exec-7] o.s.web.servlet.DispatcherServlet        : GET "/cours", parameters={}
2025-02-24T16:55:43.246Z DEBUG 21968 --- [ms-cours-matiere] [http-nio-8080-exec-7] s.w.s.m.m.a.RequestMappingHandlerMapping : Mapped to com.groupeisi.cours.controller.CoursController#getAllCours()
2025-02-24T16:55:43.252Z DEBUG 21968 --- [ms-cours-matiere] [http-nio-8080-exec-7] org.hibernate.SQL                        : 
    select
        c1_0.id,
        c1_0.archive,
        c1_0.description,
        c1_0.nom 
    from
        cours c1_0
2025-02-24T16:55:43.255Z DEBUG 21968 --- [ms-cours-matiere] [http-nio-8080-exec-7] o.s.w.s.m.m.a.HttpEntityMethodProcessor  : Using 'application/json', given [application/json, text/plain, */*] and supported [application/json, application/*+json]
2025-02-24T16:55:43.256Z DEBUG 21968 --- [ms-cours-matiere] [http-nio-8080-exec-7] o.s.w.s.m.m.a.HttpEntityMethodProcessor  : Writing [[CoursDtoResponse(id=1, nom=math, description=ddd, archive=false), CoursDtoResponse(id=2, nom=sec, d (truncated)...]
2025-02-24T16:55:43.257Z DEBUG 21968 --- [ms-cours-matiere] [http-nio-8080-exec-7] o.s.web.servlet.DispatcherServlet        : Completed 201 CREATED
2025-02-24T16:56:57.609Z DEBUG 21968 --- [ms-cours-matiere] [http-nio-8080-exec-9] o.s.web.servlet.DispatcherServlet        : GET "/cours", parameters={}
2025-02-24T16:56:57.610Z DEBUG 21968 --- [ms-cours-matiere] [http-nio-8080-exec-9] s.w.s.m.m.a.RequestMappingHandlerMapping : Mapped to com.groupeisi.cours.controller.CoursController#getAllCours()
2025-02-24T16:56:57.615Z DEBUG 21968 --- [ms-cours-matiere] [http-nio-8080-exec-9] org.hibernate.SQL                        : 
    select
        c1_0.id,
        c1_0.archive,
        c1_0.description,
        c1_0.nom 
    from
        cours c1_0
2025-02-24T16:56:57.618Z DEBUG 21968 --- [ms-cours-matiere] [http-nio-8080-exec-9] o.s.w.s.m.m.a.HttpEntityMethodProcessor  : Using 'application/json', given [application/json, text/plain, */*] and supported [application/json, application/*+json]
2025-02-24T16:56:57.618Z DEBUG 21968 --- [ms-cours-matiere] [http-nio-8080-exec-9] o.s.w.s.m.m.a.HttpEntityMethodProcessor  : Writing [[CoursDtoResponse(id=1, nom=math, description=ddd, archive=false), CoursDtoResponse(id=2, nom=sec, d (truncated)...]
2025-02-24T16:56:57.620Z DEBUG 21968 --- [ms-cours-matiere] [http-nio-8080-exec-9] o.s.web.servlet.DispatcherServlet        : Completed 201 CREATED
2025-02-24T16:56:57.627Z DEBUG 21968 --- [ms-cours-matiere] [http-nio-8080-exec-10] o.s.web.servlet.DispatcherServlet        : GET "/cours", parameters={}
2025-02-24T16:56:57.627Z DEBUG 21968 --- [ms-cours-matiere] [http-nio-8080-exec-10] s.w.s.m.m.a.RequestMappingHandlerMapping : Mapped to com.groupeisi.cours.controller.CoursController#getAllCours()
2025-02-24T16:56:57.632Z DEBUG 21968 --- [ms-cours-matiere] [http-nio-8080-exec-10] org.hibernate.SQL                        : 
    select
        c1_0.id,
        c1_0.archive,
        c1_0.description,
        c1_0.nom 
    from
        cours c1_0
2025-02-24T16:56:57.635Z DEBUG 21968 --- [ms-cours-matiere] [http-nio-8080-exec-10] o.s.w.s.m.m.a.HttpEntityMethodProcessor  : Using 'application/json', given [application/json, text/plain, */*] and supported [application/json, application/*+json]
2025-02-24T16:56:57.636Z DEBUG 21968 --- [ms-cours-matiere] [http-nio-8080-exec-10] o.s.w.s.m.m.a.HttpEntityMethodProcessor  : Writing [[CoursDtoResponse(id=1, nom=math, description=ddd, archive=false), CoursDtoResponse(id=2, nom=sec, d (truncated)...]
2025-02-24T16:56:57.637Z DEBUG 21968 --- [ms-cours-matiere] [http-nio-8080-exec-10] o.s.web.servlet.DispatcherServlet        : Completed 201 CREATED
2025-02-24T16:57:01.514Z DEBUG 21968 --- [ms-cours-matiere] [http-nio-8080-exec-1] o.s.web.servlet.DispatcherServlet        : GET "/cours", parameters={}
2025-02-24T16:57:01.515Z DEBUG 21968 --- [ms-cours-matiere] [http-nio-8080-exec-1] s.w.s.m.m.a.RequestMappingHandlerMapping : Mapped to com.groupeisi.cours.controller.CoursController#getAllCours()
2025-02-24T16:57:01.521Z DEBUG 21968 --- [ms-cours-matiere] [http-nio-8080-exec-1] org.hibernate.SQL                        : 
    select
        c1_0.id,
        c1_0.archive,
        c1_0.description,
        c1_0.nom 
    from
        cours c1_0
2025-02-24T16:57:01.525Z DEBUG 21968 --- [ms-cours-matiere] [http-nio-8080-exec-1] o.s.w.s.m.m.a.HttpEntityMethodProcessor  : Using 'application/json', given [application/json, text/plain, */*] and supported [application/json, application/*+json]
2025-02-24T16:57:01.526Z DEBUG 21968 --- [ms-cours-matiere] [http-nio-8080-exec-1] o.s.w.s.m.m.a.HttpEntityMethodProcessor  : Writing [[CoursDtoResponse(id=1, nom=math, description=ddd, archive=false), CoursDtoResponse(id=2, nom=sec, d (truncated)...]
2025-02-24T16:57:01.529Z DEBUG 21968 --- [ms-cours-matiere] [http-nio-8080-exec-1] o.s.web.servlet.DispatcherServlet        : Completed 201 CREATED
2025-02-24T16:57:01.532Z DEBUG 21968 --- [ms-cours-matiere] [http-nio-8080-exec-2] o.s.web.servlet.DispatcherServlet        : GET "/cours", parameters={}
2025-02-24T16:57:01.535Z DEBUG 21968 --- [ms-cours-matiere] [http-nio-8080-exec-2] s.w.s.m.m.a.RequestMappingHandlerMapping : Mapped to com.groupeisi.cours.controller.CoursController#getAllCours()
2025-02-24T16:57:01.540Z DEBUG 21968 --- [ms-cours-matiere] [http-nio-8080-exec-2] org.hibernate.SQL                        : 
    select
        c1_0.id,
        c1_0.archive,
        c1_0.description,
        c1_0.nom 
    from
        cours c1_0
2025-02-24T16:57:01.545Z DEBUG 21968 --- [ms-cours-matiere] [http-nio-8080-exec-2] o.s.w.s.m.m.a.HttpEntityMethodProcessor  : Using 'application/json', given [application/json, text/plain, */*] and supported [application/json, application/*+json]
2025-02-24T16:57:01.545Z DEBUG 21968 --- [ms-cours-matiere] [http-nio-8080-exec-2] o.s.w.s.m.m.a.HttpEntityMethodProcessor  : Writing [[CoursDtoResponse(id=1, nom=math, description=ddd, archive=false), CoursDtoResponse(id=2, nom=sec, d (truncated)...]
2025-02-24T16:57:01.548Z DEBUG 21968 --- [ms-cours-matiere] [http-nio-8080-exec-2] o.s.web.servlet.DispatcherServlet        : Completed 201 CREATED
2025-02-24T16:57:31.215Z  INFO 21968 --- [ms-cours-matiere] [SpringApplicationShutdownHook] o.s.b.w.e.tomcat.GracefulShutdown        : Commencing graceful shutdown. Waiting for active requests to complete
2025-02-24T16:57:33.390Z  INFO 21968 --- [ms-cours-matiere] [tomcat-shutdown] o.s.b.w.e.tomcat.GracefulShutdown        : Graceful shutdown complete
2025-02-24T16:57:33.401Z  INFO 21968 --- [ms-cours-matiere] [SpringApplicationShutdownHook] j.LocalContainerEntityManagerFactoryBean : Closing JPA EntityManagerFactory for persistence unit 'default'
2025-02-24T16:57:33.410Z  WARN 21968 --- [ms-cours-matiere] [SpringApplicationShutdownHook] o.s.b.f.support.DisposableBeanAdapter    : Invocation of destroy method failed on bean with name 'inMemoryDatabaseShutdownExecutor': org.h2.jdbc.JdbcSQLNonTransientConnectionException: La base de données est déjà fermée (pour désactiver la fermeture automatique à l'arrêt de la VM, ajoutez "; DB_CLOSE_ON_EXIT = FALSE" à l'URL db)
Database is already closed (to disable automatic closing at VM shutdown, add ";DB_CLOSE_ON_EXIT=FALSE" to the db URL) [90121-232]
2025-02-24T16:57:33.411Z  INFO 21968 --- [ms-cours-matiere] [SpringApplicationShutdownHook] com.zaxxer.hikari.HikariDataSource       : HikariPool-1 - Shutdown initiated...
2025-02-24T16:57:33.414Z  INFO 21968 --- [ms-cours-matiere] [SpringApplicationShutdownHook] com.zaxxer.hikari.HikariDataSource       : HikariPool-1 - Shutdown completed.
